<?xml version="1.0" encoding="UTF-8" ?>
<testsuite errors="0" failures="0" hostname="haidong-ryzen" name="expressivo.grader.IllegalTest" skipped="0" tests="14" time="0.187" timestamp="2017-04-07T02:32:28">
  <properties>
[...]
</properties>
  <testcase classname="expressivo.grader.IllegalTest" name="testParse[missing op]" time="0.035" />
  <testcase classname="expressivo.grader.IllegalTest" name="testParse[adjacent vars]" time="0.011" />
  <testcase classname="expressivo.grader.IllegalTest" name="testParse[unbalanced open]" time="0.011" />
  <testcase classname="expressivo.grader.IllegalTest" name="testParse[unbalanced close]" time="0.01" />
  <testcase classname="expressivo.grader.IllegalTest" name="testParse[empty parens]" time="0.009" />
  <testcase classname="expressivo.grader.IllegalTest" name="testParse[empty nesting]" time="0.008" />
  <testcase classname="expressivo.grader.IllegalTest" name="testParse[prefix op]" time="0.005" />
  <testcase classname="expressivo.grader.IllegalTest" name="testParse[postfix op]" time="0.005" />
  <testcase classname="expressivo.grader.IllegalTest" name="testParse[leading op]" time="0.005" />
  <testcase classname="expressivo.grader.IllegalTest" name="testParse[trailing op]" time="0.006" />
  <testcase classname="expressivo.grader.IllegalTest" name="testParse[multiple decimal points]" time="0.006" />
  <testcase classname="expressivo.grader.IllegalTest" name="testParse[lone op]" time="0.005" />
  <testcase classname="expressivo.grader.IllegalTest" name="testParse[lone decimal point]" time="0.006" />
  <testcase classname="expressivo.grader.IllegalTest" name="testParse[lone nested op]" time="0.011" />
  <system-out><![CDATA[]]></system-out>
  <system-err><![CDATA[]]></system-err>
</testsuite>
