<?xml version="1.0" encoding="UTF-8" ?>
<testsuite errors="0" failures="1" hostname="haidong-ryzen" name="expressivo.ExpressionTest" skipped="0" tests="22" time="0.357" timestamp="2017-04-07T02:32:25">
  <properties>
[...]
</properties>
  <testcase classname="expressivo.ExpressionTest" name="testSimplify1" time="0.052" />
  <testcase classname="expressivo.ExpressionTest" name="testSimplify2" time="0.022" />
  <testcase classname="expressivo.ExpressionTest" name="testSimplify3" time="0.021" />
  <testcase classname="expressivo.ExpressionTest" name="testSimplify4" time="0.019" />
  <testcase classname="expressivo.ExpressionTest" name="testAssertionsEnabled" time="0.0" />
  <testcase classname="expressivo.ExpressionTest" name="testDifferentiate1" time="0.017" />
  <testcase classname="expressivo.ExpressionTest" name="testDifferentiate2" time="0.016" />
  <testcase classname="expressivo.ExpressionTest" name="testDifferentiate3" time="0.019" />
  <testcase classname="expressivo.ExpressionTest" name="testSimplifyTwice" time="0.016" />
  <testcase classname="expressivo.ExpressionTest" name="testParseToString1" time="0.011" />
  <testcase classname="expressivo.ExpressionTest" name="testParseToString2" time="0.025" />
  <testcase classname="expressivo.ExpressionTest" name="testParseToString3" time="0.006" />
  <testcase classname="expressivo.ExpressionTest" name="testParseToString4" time="0.006" />
  <testcase classname="expressivo.ExpressionTest" name="testParseToString5" time="0.005" />
  <testcase classname="expressivo.ExpressionTest" name="testParseToString6" time="0.006" />
  <testcase classname="expressivo.ExpressionTest" name="testParseToString7" time="0.005" />
  <testcase classname="expressivo.ExpressionTest" name="testParseInvalid" time="0.004" />
  <testcase classname="expressivo.ExpressionTest" name="testParseEquals1" time="0.009" />
  <testcase classname="expressivo.ExpressionTest" name="testParseEquals2" time="0.008" />
  <testcase classname="expressivo.ExpressionTest" name="testParseEquals3" time="0.017" />
  <testcase classname="expressivo.ExpressionTest" name="testParseEquals4" time="0.007" />
  <testcase classname="expressivo.ExpressionTest" name="testToStringConsistent" time="0.012">
    <failure message="expected: expressivo.Multiply&lt;3.0 * 5.0 + 7.0 * 2.0&gt; but was: expressivo.Plus&lt;3.0 * 5.0 + 7.0 * 2.0&gt;" type="junit.framework.AssertionFailedError">junit.framework.AssertionFailedError: expected: expressivo.Multiply&lt;3.0 * 5.0 + 7.0 * 2.0&gt; but was: expressivo.Plus&lt;3.0 * 5.0 + 7.0 * 2.0&gt;
	at expressivo.ExpressionTest.testToStringConsistent(ExpressionTest.java:187)
</failure>
  </testcase>
  <system-out><![CDATA[]]></system-out>
  <system-err><![CDATA[]]></system-err>
</testsuite>
