<?xml version="1.0" encoding="UTF-8" ?>
<testsuite errors="0" failures="1" hostname="haidong-ryzen" name="expressivo.grader.ExpressionTest" skipped="0" tests="27" time="0.42" timestamp="2017-04-07T02:32:26">
  <properties>
[...]
</properties>
  <testcase classname="expressivo.grader.ExpressionTest" name="testHashCode[same one variable]" time="0.05" />
  <testcase classname="expressivo.grader.ExpressionTest" name="testEquals[same one variable]" time="0.023" />
  <testcase classname="expressivo.grader.ExpressionTest" name="testToStringConsistent[same one variable]" time="0.021" />
  <testcase classname="expressivo.grader.ExpressionTest" name="testHashCode[same one operator]" time="0.019" />
  <testcase classname="expressivo.grader.ExpressionTest" name="testEquals[same one operator]" time="0.012" />
  <testcase classname="expressivo.grader.ExpressionTest" name="testToStringConsistent[same one operator]" time="0.015" />
  <testcase classname="expressivo.grader.ExpressionTest" name="testHashCode[same expression with numbers/variables/operators]" time="0.025" />
  <testcase classname="expressivo.grader.ExpressionTest" name="testEquals[same expression with numbers/variables/operators]" time="0.016" />
  <testcase classname="expressivo.grader.ExpressionTest" name="testToStringConsistent[same expression with numbers/variables/operators]" time="0.015" />
  <testcase classname="expressivo.grader.ExpressionTest" name="testHashCode[var and same var parenthesized]" time="0.013" />
  <testcase classname="expressivo.grader.ExpressionTest" name="testEquals[var and same var parenthesized]" time="0.01" />
  <testcase classname="expressivo.grader.ExpressionTest" name="testToStringConsistent[var and same var parenthesized]" time="0.008" />
  <testcase classname="expressivo.grader.ExpressionTest" name="testHashCode[one operator and same operator parenthesized]" time="0.008" />
  <testcase classname="expressivo.grader.ExpressionTest" name="testEquals[one operator and same operator parenthesized]" time="0.011" />
  <testcase classname="expressivo.grader.ExpressionTest" name="testToStringConsistent[one operator and same operator parenthesized]" time="0.007" />
  <testcase classname="expressivo.grader.ExpressionTest" name="testHashCode[* + * same as (*)+(*)]" time="0.007" />
  <testcase classname="expressivo.grader.ExpressionTest" name="testEquals[* + * same as (*)+(*)]" time="0.008" />
  <testcase classname="expressivo.grader.ExpressionTest" name="testToStringConsistent[* + * same as (*)+(*)]" time="0.007" />
  <testcase classname="expressivo.grader.ExpressionTest" name="testHashCode[((*)+)* different from * + *]" time="0.008" />
  <testcase classname="expressivo.grader.ExpressionTest" name="testEquals[((*)+)* different from * + *]" time="0.01" />
  <testcase classname="expressivo.grader.ExpressionTest" name="testToStringConsistent[((*)+)* different from * + *]" time="0.015">
    <failure message="expected toString &quot;((3 * 5) + 7) * 2&quot; not equals toString &quot;3 * 5 + 7 * 2&quot;, but 3.0 * 5.0 + 7.0 * 2.0 eq 3.0 * 5.0 + 7.0 * 2.0" type="junit.framework.AssertionFailedError">junit.framework.AssertionFailedError: expected toString &quot;((3 * 5) + 7) * 2&quot; not equals toString &quot;3 * 5 + 7 * 2&quot;, but 3.0 * 5.0 + 7.0 * 2.0 eq 3.0 * 5.0 + 7.0 * 2.0
	at expressivo.grader.ExpressionTest.testToStringConsistent(ExpressionTest.java:77)
</failure>
  </testcase>
  <testcase classname="expressivo.grader.ExpressionTest" name="testHashCode[+ not commutative under structual equality]" time="0.01" />
  <testcase classname="expressivo.grader.ExpressionTest" name="testEquals[+ not commutative under structual equality]" time="0.008" />
  <testcase classname="expressivo.grader.ExpressionTest" name="testToStringConsistent[+ not commutative under structual equality]" time="0.008" />
  <testcase classname="expressivo.grader.ExpressionTest" name="testHashCode[* not commutative under structual equality]" time="0.01" />
  <testcase classname="expressivo.grader.ExpressionTest" name="testEquals[* not commutative under structual equality]" time="0.009" />
  <testcase classname="expressivo.grader.ExpressionTest" name="testToStringConsistent[* not commutative under structual equality]" time="0.011" />
  <system-out><![CDATA[]]></system-out>
  <system-err><![CDATA[]]></system-err>
</testsuite>
